[INFO] Scanning for projects...
[INFO] 
[INFO] ----------------< com.project:final-project-submission >----------------
[INFO] Building final-project-submission 0.0.1-SNAPSHOT
[INFO]   from pom.xml
[INFO] --------------------------------[ jar ]---------------------------------
[INFO] 
[INFO] >>> spring-boot:3.2.3:run (default-cli) > test-compile @ final-project-submission >>>
[INFO] 
[INFO] --- resources:3.3.1:resources (default-resources) @ final-project-submission ---
[INFO] Copying 1 resource from src\main\resources to target\classes
[INFO] Copying 5 resources from src\main\resources to target\classes
[INFO] 
[INFO] --- compiler:3.11.0:compile (default-compile) @ final-project-submission ---
[INFO] Nothing to compile - all classes are up to date
[INFO] 
[INFO] --- resources:3.3.1:testResources (default-testResources) @ final-project-submission ---
[INFO] skip non existing resourceDirectory C:\Users\shanm\Downloads\form springboot\src\test\resources
[INFO] 
[INFO] --- compiler:3.11.0:testCompile (default-testCompile) @ final-project-submission ---
[INFO] No sources to compile
[INFO] 
[INFO] <<< spring-boot:3.2.3:run (default-cli) < test-compile @ final-project-submission <<<
[INFO] 
[INFO] 
[INFO] --- spring-boot:3.2.3:run (default-cli) @ final-project-submission ---
[INFO] Attaching agents: []

  .   ____          _            __ _ _
 /\\ / ___'_ __ _ _(_)_ __  __ _ \ \ \ \
( ( )\___ | '_ | '_| | '_ \/ _` | \ \ \ \
 \\/  ___)| |_)| | | | | || (_| |  ) ) ) )
  '  |____| .__|_| |_|_| |_\__, | / / / /
 =========|_|==============|___/=/_/_/_/
 :: Spring Boot ::                (v3.2.3)

2026-03-09T10:13:20.270+05:30  INFO 8840 --- [final-project-submission] [           main] c.p.s.FinalProjectSubmissionApplication  : Starting FinalProjectSubmissionApplication using Java 17.0.14 with PID 8840 (C:\Users\shanm\Downloads\form springboot\target\classes started by shanm in C:\Users\shanm\Downloads\form springboot)
2026-03-09T10:13:20.273+05:30  INFO 8840 --- [final-project-submission] [           main] c.p.s.FinalProjectSubmissionApplication  : No active profile set, falling back to 1 default profile: "default"
2026-03-09T10:13:21.009+05:30  INFO 8840 --- [final-project-submission] [           main] .s.d.r.c.RepositoryConfigurationDelegate : Bootstrapping Spring Data JPA repositories in DEFAULT mode.
2026-03-09T10:13:21.080+05:30  INFO 8840 --- [final-project-submission] [           main] .s.d.r.c.RepositoryConfigurationDelegate : Finished Spring Data repository scanning in 60 ms. Found 2 JPA repository interfaces.
2026-03-09T10:13:21.763+05:30  INFO 8840 --- [final-project-submission] [           main] o.s.b.w.embedded.tomcat.TomcatWebServer  : Tomcat initialized with port 8080 (http)
2026-03-09T10:13:21.779+05:30  INFO 8840 --- [final-project-submission] [           main] o.apache.catalina.core.StandardService   : Starting service [Tomcat]
2026-03-09T10:13:21.780+05:30  INFO 8840 --- [final-project-submission] [           main] o.apache.catalina.core.StandardEngine    : Starting Servlet engine: [Apache Tomcat/10.1.19]
2026-03-09T10:13:21.853+05:30  INFO 8840 --- [final-project-submission] [           main] o.a.c.c.C.[Tomcat].[localhost].[/]       : Initializing Spring embedded WebApplicationContext
2026-03-09T10:13:21.855+05:30  INFO 8840 --- [final-project-submission] [           main] w.s.c.ServletWebServerApplicationContext : Root WebApplicationContext: initialization completed in 1525 ms
2026-03-09T10:13:22.001+05:30  INFO 8840 --- [final-project-submission] [           main] o.hibernate.jpa.internal.util.LogHelper  : HHH000204: Processing PersistenceUnitInfo [name: default]
2026-03-09T10:13:22.054+05:30  INFO 8840 --- [final-project-submission] [           main] org.hibernate.Version                    : HHH000412: Hibernate ORM core version 6.4.4.Final
2026-03-09T10:13:22.088+05:30  INFO 8840 --- [final-project-submission] [           main] o.h.c.internal.RegionFactoryInitiator    : HHH000026: Second-level cache disabled
2026-03-09T10:13:22.331+05:30  INFO 8840 --- [final-project-submission] [           main] o.s.o.j.p.SpringPersistenceUnitInfo      : No LoadTimeWeaver setup: ignoring JPA class transformer
2026-03-09T10:13:22.357+05:30  INFO 8840 --- [final-project-submission] [           main] com.zaxxer.hikari.HikariDataSource       : HikariPool-1 - Starting...
2026-03-09T10:13:24.436+05:30  INFO 8840 --- [final-project-submission] [           main] com.zaxxer.hikari.pool.HikariPool        : HikariPool-1 - Added connection com.mysql.cj.jdbc.ConnectionImpl@4586a8aa
2026-03-09T10:13:24.441+05:30  INFO 8840 --- [final-project-submission] [           main] com.zaxxer.hikari.HikariDataSource       : HikariPool-1 - Start completed.
2026-03-09T10:13:24.891+05:30  WARN 8840 --- [final-project-submission] [           main] org.hibernate.orm.deprecation            : HHH90000025: MySQLDialect does not need to be specified explicitly using 'hibernate.dialect' (remove the property setting and it will be selected by default)
2026-03-09T10:13:26.029+05:30  INFO 8840 --- [final-project-submission] [           main] o.h.e.t.j.p.i.JtaPlatformInitiator       : HHH000489: No JTA platform available (set 'hibernate.transaction.jta.platform' to enable JTA platform integration)
2026-03-09T10:13:26.369+05:30  INFO 8840 --- [final-project-submission] [           main] j.LocalContainerEntityManagerFactoryBean : Initialized JPA EntityManagerFactory for persistence unit 'default'
2026-03-09T10:13:26.845+05:30  WARN 8840 --- [final-project-submission] [           main] JpaBaseConfiguration$JpaWebConfiguration : spring.jpa.open-in-view is enabled by default. Therefore, database queries may be performed during view rendering. Explicitly configure spring.jpa.open-in-view to disable this warning
2026-03-09T10:13:27.316+05:30  INFO 8840 --- [final-project-submission] [           main] o.s.b.w.embedded.tomcat.TomcatWebServer  : Tomcat started on port 8080 (http) with context path ''
2026-03-09T10:13:27.326+05:30  INFO 8840 --- [final-project-submission] [           main] c.p.s.FinalProjectSubmissionApplication  : Started FinalProjectSubmissionApplication in 7.485 seconds (process running for 7.838)
Hibernate: select count(*) from admins a1_0
Hibernate: insert into admins (password,username) values (?,?)
Default admin user created: admin / admin123
2026-03-09T10:19:01.775+05:30  INFO 8840 --- [final-project-submission] [nio-8080-exec-1] o.a.c.c.C.[Tomcat].[localhost].[/]       : Initializing Spring DispatcherServlet 'dispatcherServlet'
2026-03-09T10:19:01.775+05:30  INFO 8840 --- [final-project-submission] [nio-8080-exec-1] o.s.web.servlet.DispatcherServlet        : Initializing Servlet 'dispatcherServlet'
2026-03-09T10:19:01.776+05:30  INFO 8840 --- [final-project-submission] [nio-8080-exec-1] o.s.web.servlet.DispatcherServlet        : Completed initialization in 1 ms
