[INFO] Scanning for projects...
[INFO] 
[INFO] ----------------< com.project:final-project-submission >----------------
[INFO] Building final-project-submission 0.0.1-SNAPSHOT
[INFO]   from pom.xml
[INFO] --------------------------------[ jar ]---------------------------------
[INFO] 
[INFO] >>> spring-boot:3.2.3:run (default-cli) > test-compile @ final-project-submission >>>
[INFO] 
[INFO] --- resources:3.3.1:resources (default-resources) @ final-project-submission ---
[INFO] Copying 1 resource from src\main\resources to target\classes
[INFO] Copying 5 resources from src\main\resources to target\classes
[INFO] 
[INFO] --- compiler:3.11.0:compile (default-compile) @ final-project-submission ---
[INFO] Nothing to compile - all classes are up to date
[INFO] 
[INFO] --- resources:3.3.1:testResources (default-testResources) @ final-project-submission ---
[INFO] skip non existing resourceDirectory C:\Users\shanm\Downloads\form springboot\src\test\resources
[INFO] 
[INFO] --- compiler:3.11.0:testCompile (default-testCompile) @ final-project-submission ---
[INFO] No sources to compile
[INFO] 
[INFO] <<< spring-boot:3.2.3:run (default-cli) < test-compile @ final-project-submission <<<
[INFO] 
[INFO] 
[INFO] --- spring-boot:3.2.3:run (default-cli) @ final-project-submission ---
[INFO] Attaching agents: []

  .   ____          _            __ _ _
 /\\ / ___'_ __ _ _(_)_ __  __ _ \ \ \ \
( ( )\___ | '_ | '_| | '_ \/ _` | \ \ \ \
 \\/  ___)| |_)| | | | | || (_| |  ) ) ) )
  '  |____| .__|_| |_|_| |_\__, | / / / /
 =========|_|==============|___/=/_/_/_/
 :: Spring Boot ::                (v3.2.3)

2026-03-09T10:10:41.613+05:30  INFO 8204 --- [final-project-submission] [           main] c.p.s.FinalProjectSubmissionApplication  : Starting FinalProjectSubmissionApplication using Java 17.0.14 with PID 8204 (C:\Users\shanm\Downloads\form springboot\target\classes started by shanm in C:\Users\shanm\Downloads\form springboot)
2026-03-09T10:10:41.616+05:30  INFO 8204 --- [final-project-submission] [           main] c.p.s.FinalProjectSubmissionApplication  : No active profile set, falling back to 1 default profile: "default"
2026-03-09T10:10:42.386+05:30  INFO 8204 --- [final-project-submission] [           main] .s.d.r.c.RepositoryConfigurationDelegate : Bootstrapping Spring Data JPA repositories in DEFAULT mode.
2026-03-09T10:10:42.452+05:30  INFO 8204 --- [final-project-submission] [           main] .s.d.r.c.RepositoryConfigurationDelegate : Finished Spring Data repository scanning in 58 ms. Found 2 JPA repository interfaces.
2026-03-09T10:10:43.126+05:30  INFO 8204 --- [final-project-submission] [           main] o.s.b.w.embedded.tomcat.TomcatWebServer  : Tomcat initialized with port 8080 (http)
2026-03-09T10:10:43.138+05:30  INFO 8204 --- [final-project-submission] [           main] o.apache.catalina.core.StandardService   : Starting service [Tomcat]
2026-03-09T10:10:43.139+05:30  INFO 8204 --- [final-project-submission] [           main] o.apache.catalina.core.StandardEngine    : Starting Servlet engine: [Apache Tomcat/10.1.19]
2026-03-09T10:10:43.255+05:30  INFO 8204 --- [final-project-submission] [           main] o.a.c.c.C.[Tomcat].[localhost].[/]       : Initializing Spring embedded WebApplicationContext
2026-03-09T10:10:43.256+05:30  INFO 8204 --- [final-project-submission] [           main] w.s.c.ServletWebServerApplicationContext : Root WebApplicationContext: initialization completed in 1584 ms
2026-03-09T10:10:43.438+05:30  INFO 8204 --- [final-project-submission] [           main] o.hibernate.jpa.internal.util.LogHelper  : HHH000204: Processing PersistenceUnitInfo [name: default]
2026-03-09T10:10:43.507+05:30  INFO 8204 --- [final-project-submission] [           main] org.hibernate.Version                    : HHH000412: Hibernate ORM core version 6.4.4.Final
2026-03-09T10:10:43.546+05:30  INFO 8204 --- [final-project-submission] [           main] o.h.c.internal.RegionFactoryInitiator    : HHH000026: Second-level cache disabled
2026-03-09T10:10:43.827+05:30  INFO 8204 --- [final-project-submission] [           main] o.s.o.j.p.SpringPersistenceUnitInfo      : No LoadTimeWeaver setup: ignoring JPA class transformer
2026-03-09T10:10:43.855+05:30  INFO 8204 --- [final-project-submission] [           main] com.zaxxer.hikari.HikariDataSource       : HikariPool-1 - Starting...
2026-03-09T10:10:45.613+05:30  INFO 8204 --- [final-project-submission] [           main] com.zaxxer.hikari.pool.HikariPool        : HikariPool-1 - Added connection com.mysql.cj.jdbc.ConnectionImpl@23c7cb18
2026-03-09T10:10:45.617+05:30  INFO 8204 --- [final-project-submission] [           main] com.zaxxer.hikari.HikariDataSource       : HikariPool-1 - Start completed.
2026-03-09T10:10:45.895+05:30  WARN 8204 --- [final-project-submission] [           main] org.hibernate.orm.deprecation            : HHH90000025: MySQLDialect does not need to be specified explicitly using 'hibernate.dialect' (remove the property setting and it will be selected by default)
2026-03-09T10:10:46.999+05:30  INFO 8204 --- [final-project-submission] [           main] o.h.e.t.j.p.i.JtaPlatformInitiator       : HHH000489: No JTA platform available (set 'hibernate.transaction.jta.platform' to enable JTA platform integration)
2026-03-09T10:10:48.227+05:30  INFO 8204 --- [final-project-submission] [           main] j.LocalContainerEntityManagerFactoryBean : Initialized JPA EntityManagerFactory for persistence unit 'default'
2026-03-09T10:10:48.668+05:30  WARN 8204 --- [final-project-submission] [           main] JpaBaseConfiguration$JpaWebConfiguration : spring.jpa.open-in-view is enabled by default. Therefore, database queries may be performed during view rendering. Explicitly configure spring.jpa.open-in-view to disable this warning
2026-03-09T10:10:49.129+05:30  WARN 8204 --- [final-project-submission] [           main] ConfigServletWebServerApplicationContext : Exception encountered during context initialization - cancelling refresh attempt: org.springframework.context.ApplicationContextException: Failed to start bean 'webServerStartStop'
2026-03-09T10:10:49.132+05:30  INFO 8204 --- [final-project-submission] [           main] j.LocalContainerEntityManagerFactoryBean : Closing JPA EntityManagerFactory for persistence unit 'default'
2026-03-09T10:10:49.135+05:30  INFO 8204 --- [final-project-submission] [           main] com.zaxxer.hikari.HikariDataSource       : HikariPool-1 - Shutdown initiated...
2026-03-09T10:10:49.638+05:30  INFO 8204 --- [final-project-submission] [           main] com.zaxxer.hikari.HikariDataSource       : HikariPool-1 - Shutdown completed.
2026-03-09T10:10:49.661+05:30  INFO 8204 --- [final-project-submission] [           main] .s.b.a.l.ConditionEvaluationReportLogger : 

Error starting ApplicationContext. To display the condition evaluation report re-run your application with 'debug' enabled.
2026-03-09T10:10:49.688+05:30 ERROR 8204 --- [final-project-submission] [           main] o.s.b.d.LoggingFailureAnalysisReporter   : 

***************************
APPLICATION FAILED TO START
***************************

Description:

Web server failed to start. Port 8080 was already in use.

Action:

Identify and stop the process that's listening on port 8080 or configure this application to listen on another port.

[INFO] ------------------------------------------------------------------------
[INFO] BUILD FAILURE
[INFO] ------------------------------------------------------------------------
[INFO] Total time:  10.848 s
[INFO] Finished at: 2026-03-09T10:10:49+05:30
[INFO] ------------------------------------------------------------------------
[ERROR] Failed to execute goal org.springframework.boot:spring-boot-maven-plugin:3.2.3:run (default-cli) on project final-project-submission: Process terminated with exit code: 1 -> [Help 1]
[ERROR] 
[ERROR] To see the full stack trace of the errors, re-run Maven with the -e switch.
[ERROR] Re-run Maven using the -X switch to enable full debug logging.
[ERROR] 
[ERROR] For more information about the errors and possible solutions, please read the following articles:
[ERROR] [Help 1] http://cwiki.apache.org/confluence/display/MAVEN/MojoExecutionException
